Error executing SQL query: SELECT Order_Country, AVG(JULIANDAY(shipping_date) - JULIANDAY(order_date)) AS avg_days_to_ship FROM supply_data GROUP BY Order_Country
Execution failed on sql 'SELECT Order_Country, AVG(JULIANDAY(shipping_date) - JULIANDAY(order_date)) AS avg_days_to_ship FROM supply_data GROUP BY Order_Country': no such column: Order_Country
Error executing SQL query: SELECT p.Product_Name, COUNT(*) AS return_count FROM supply_data s JOIN supply_data p ON s.Order_Item_Cardprod_Id = p.Product_Card_Id WHERE s.Order_Status = 'RETURNED' AND s.Type = 'DEBIT' AND s."order date (DateOrders)" >= date('now', '-1 year') GROUP BY p.Product_Name ORDER BY return_count DESC LIMIT 10
Execution failed on sql 'SELECT p.Product_Name, COUNT(*) AS return_count FROM supply_data s JOIN supply_data p ON s.Order_Item_Cardprod_Id = p.Product_Card_Id WHERE s.Order_Status = 'RETURNED' AND s.Type = 'DEBIT' AND s."order date (DateOrders)" >= date('now', '-1 year') GROUP BY p.Product_Name ORDER BY return_count DESC LIMIT 10': no such column: p.Product_Name
Error executing SQL query: SELECT COUNT(*) AS no_mover_count, SUM(Product_Price * Order_Item_Quantity) AS total_value FROM supply_data WHERE Order_Status = 'COMPLETE' AND julianday('now') - julianday("order date (DateOrders)") > 365 AND "Order Item Quantity" > 0
Execution failed on sql 'SELECT COUNT(*) AS no_mover_count, SUM(Product_Price * Order_Item_Quantity) AS total_value FROM supply_data WHERE Order_Status = 'COMPLETE' AND julianday('now') - julianday("order date (DateOrders)") > 365 AND "Order Item Quantity" > 0': no such column: Product_Price
Error executing SQL query: SELECT Shipping_Mode, COUNT(*) AS total_orders, SUM(CASE WHEN Delivery_Status = 'Advance shipping' OR Delivery_Status = 'Shipping on time' THEN 1 ELSE 0 END) AS on_time_deliveries, CAST(SUM(CASE WHEN Delivery_Status = 'Advance shipping' OR Delivery_Status = 'Shipping on time' THEN 1 ELSE 0 END) AS FLOAT) / COUNT(*) * 100 AS on_time_delivery_rate FROM supply_data GROUP BY Shipping_Mode
Execution failed on sql 'SELECT Shipping_Mode, COUNT(*) AS total_orders, SUM(CASE WHEN Delivery_Status = 'Advance shipping' OR Delivery_Status = 'Shipping on time' THEN 1 ELSE 0 END) AS on_time_deliveries, CAST(SUM(CASE WHEN Delivery_Status = 'Advance shipping' OR Delivery_Status = 'Shipping on time' THEN 1 ELSE 0 END) AS FLOAT) / COUNT(*) * 100 AS on_time_delivery_rate FROM supply_data GROUP BY Shipping_Mode': no such column: Shipping_Mode
Error executing SQL query: SELECT Product_Name, Category_Name, Order_City, Order_State, Order_Country FROM supply_data WHERE Category_Name = 'Hazardous Materials' OR Product_Description LIKE '%hazardous%' OR Product_Name LIKE '%hazardous%'
Execution failed on sql 'SELECT Product_Name, Category_Name, Order_City, Order_State, Order_Country FROM supply_data WHERE Category_Name = 'Hazardous Materials' OR Product_Description LIKE '%hazardous%' OR Product_Name LIKE '%hazardous%'': no such column: Product_Name
Error executing SQL query: SELECT SUM(Sales) as total_sales FROM supply_data WHERE Order Region = 'Southwest' AND order_date >= date('now', '-3 months')
Execution failed on sql 'SELECT SUM(Sales) as total_sales FROM supply_data WHERE Order Region = 'Southwest' AND order_date >= date('now', '-3 months')': near "Order": syntax error
Error executing SQL query: SELECT Product_Card_Id, Product_Name, Product_Price, Order_Item_Quantity, Product_Status FROM supply_data WHERE Product_Status = 0
Execution failed on sql 'SELECT Product_Card_Id, Product_Name, Product_Price, Order_Item_Quantity, Product_Status FROM supply_data WHERE Product_Status = 0': no such column: Product_Card_Id
Error executing SQL query: SELECT Order_Country, AVG(JULIANDAY("shipping date (DateOrders)") - JULIANDAY("order date (DateOrders)")) AS avg_processing_time FROM supply_data GROUP BY Order_Country
Execution failed on sql 'SELECT Order_Country, AVG(JULIANDAY("shipping date (DateOrders)") - JULIANDAY("order date (DateOrders)")) AS avg_processing_time FROM supply_data GROUP BY Order_Country': no such column: Order_Country
Error executing SQL query: SELECT COUNT(*) AS no_mover_count, SUM(Order_Item_Total) AS total_value FROM supply_data WHERE julianday('now') - julianday("order date (DateOrders)") > 365 AND Order_Status = 'COMPLETE'
Execution failed on sql 'SELECT COUNT(*) AS no_mover_count, SUM(Order_Item_Total) AS total_value FROM supply_data WHERE julianday('now') - julianday("order date (DateOrders)") > 365 AND Order_Status = 'COMPLETE'': no such column: Order_Item_Total
Error executing SQL query: SELECT c.Category_Name, strftime('%Y-Q%d', o."order date (DateOrders)") as Quarter, SUM(o.Sales) as Total_Sales FROM supply_data o JOIN supply_data c ON o.Product_Category_Id = c.Category_Id WHERE o."order date (DateOrders)" >= date('now', '-9 months') GROUP BY c.Category_Name, Quarter ORDER BY c.Category_Name, Quarter
Execution failed on sql 'SELECT c.Category_Name, strftime('%Y-Q%d', o."order date (DateOrders)") as Quarter, SUM(o.Sales) as Total_Sales FROM supply_data o JOIN supply_data c ON o.Product_Category_Id = c.Category_Id WHERE o."order date (DateOrders)" >= date('now', '-9 months') GROUP BY c.Category_Name, Quarter ORDER BY c.Category_Name, Quarter': no such column: c.Category_Name
Error executing SQL query: SELECT Product_Name, Product_Description, Category_Name, Order_City, Order_State, Order_Country FROM supply_data WHERE Category_Name = 'Hazardous Materials' OR Product_Description LIKE '%hazardous%' OR Product_Name LIKE '%hazardous%'
Execution failed on sql 'SELECT Product_Name, Product_Description, Category_Name, Order_City, Order_State, Order_Country FROM supply_data WHERE Category_Name = 'Hazardous Materials' OR Product_Description LIKE '%hazardous%' OR Product_Name LIKE '%hazardous%'': no such column: Product_Name
Error executing SQL query: SELECT Product_Name, COUNT(*) as return_count FROM supply_data WHERE Order_Status = 'RETURNED' AND Order_Date >= date('now', '-1 year') GROUP BY Product_Name
Execution failed on sql 'SELECT Product_Name, COUNT(*) as return_count FROM supply_data WHERE Order_Status = 'RETURNED' AND Order_Date >= date('now', '-1 year') GROUP BY Product_Name': no such column: Product_Name
Error executing SQL query: SELECT DISTINCT Customer City AS storage_facility, Customer State AS certification FROM supply_data WHERE Customer Segment = 'Consumer' AND Category Name = 'Sporting Goods'
Execution failed on sql 'SELECT DISTINCT Customer City AS storage_facility, Customer State AS certification FROM supply_data WHERE Customer Segment = 'Consumer' AND Category Name = 'Sporting Goods'': near "AS": syntax error
Error executing SQL query: SELECT COUNT(DISTINCT s.supplier_id) AS non_compliant_suppliers, COUNT(DISTINCT s.supplier_id) * 100.0 / (SELECT COUNT(*) FROM suppliers) AS percentage_non_compliant, SUM(s.annual_spend) * 100.0 / (SELECT SUM(annual_spend) FROM suppliers) AS percentage_of_total_spend FROM suppliers s LEFT JOIN supplier_audits sa ON s.supplier_id = sa.supplier_id WHERE sa.child_labor_found = 1 OR sa.forced_labor_found = 1 OR sa.overtime_pay_rate < 1.5 * sa.minimum_wage OR sa.max_weekly_hours > 48 OR sa.days_off_per_week < 1 OR sa.clean_water_provided = 0 OR sa.sanitation_provided = 0 OR sa.fatalities > 0 OR sa.injury_rate > 2 OR sa.ppe_provided = 0 OR sa.environmental_policy = 0 OR sa.anti_corruption_policy = 0 OR sa.data_protection_policy = 0 OR sa.allows_audits = 0 OR sa.improvement_objectives = 0
Execution failed on sql 'SELECT COUNT(DISTINCT s.supplier_id) AS non_compliant_suppliers, COUNT(DISTINCT s.supplier_id) * 100.0 / (SELECT COUNT(*) FROM suppliers) AS percentage_non_compliant, SUM(s.annual_spend) * 100.0 / (SELECT SUM(annual_spend) FROM suppliers) AS percentage_of_total_spend FROM suppliers s LEFT JOIN supplier_audits sa ON s.supplier_id = sa.supplier_id WHERE sa.child_labor_found = 1 OR sa.forced_labor_found = 1 OR sa.overtime_pay_rate < 1.5 * sa.minimum_wage OR sa.max_weekly_hours > 48 OR sa.days_off_per_week < 1 OR sa.clean_water_provided = 0 OR sa.sanitation_provided = 0 OR sa.fatalities > 0 OR sa.injury_rate > 2 OR sa.ppe_provided = 0 OR sa.environmental_policy = 0 OR sa.anti_corruption_policy = 0 OR sa.data_protection_policy = 0 OR sa.allows_audits = 0 OR sa.improvement_objectives = 0': no such table: suppliers
Error executing SQL query: SELECT SUM(Sales) AS total_sales FROM supply_data WHERE Order Region = 'Southwest' AND strftime('%Y-%m', "order date (DateOrders)") >= strftime('%Y-%m', date('now', '-3 months'))
Execution failed on sql 'SELECT SUM(Sales) AS total_sales FROM supply_data WHERE Order Region = 'Southwest' AND strftime('%Y-%m', "order date (DateOrders)") >= strftime('%Y-%m', date('now', '-3 months'))': near "Order": syntax error
Error executing SQL query: SELECT Product_Name, Product_Price, Order_Item_Quantity, Order_Status, Order_Date, Category_Name, Department_Name FROM supply_data WHERE Order_Status = 'COMPLETE' AND julianday('now') - julianday(order_date) > 270 AND Order_Item_Quantity > 0 ORDER BY order_date ASC
Execution failed on sql 'SELECT Product_Name, Product_Price, Order_Item_Quantity, Order_Status, Order_Date, Category_Name, Department_Name FROM supply_data WHERE Order_Status = 'COMPLETE' AND julianday('now') - julianday(order_date) > 270 AND Order_Item_Quantity > 0 ORDER BY order_date ASC': no such column: Product_Name
Error executing SQL query: SELECT Order_Country, AVG(JULIANDAY(shipping_date) - JULIANDAY(order_date)) AS avg_days_to_ship FROM supply_data GROUP BY Order_Country
Execution failed on sql 'SELECT Order_Country, AVG(JULIANDAY(shipping_date) - JULIANDAY(order_date)) AS avg_days_to_ship FROM supply_data GROUP BY Order_Country': no such column: Order_Country
Error executing SQL query: SELECT p.Product_Name, COUNT(*) as return_count FROM supply_data s JOIN supply_data p ON s.Order_Item_Cardprod_Id = p.Product_Card_Id WHERE s.Order_Status = 'RETURNED' AND s.Type = 'RETURN' AND s.[order date (DateOrders)] >= date('now', '-1 year') GROUP BY p.Product_Name ORDER BY return_count DESC LIMIT 10
Execution failed on sql 'SELECT p.Product_Name, COUNT(*) as return_count FROM supply_data s JOIN supply_data p ON s.Order_Item_Cardprod_Id = p.Product_Card_Id WHERE s.Order_Status = 'RETURNED' AND s.Type = 'RETURN' AND s.[order date (DateOrders)] >= date('now', '-1 year') GROUP BY p.Product_Name ORDER BY return_count DESC LIMIT 10': no such column: p.Product_Name
Error executing SQL query: SELECT p.Product_Name, c.Category_Name, AVG(o.Order_Item_Profit_Ratio) AS Avg_Profit_Margin FROM supply_data o JOIN supply_data p ON o.Order_Item_Cardprod_Id = p.Product_Card_Id JOIN supply_data c ON p.Product_Category_Id = c.Category_Id GROUP BY p.Product_Name, c.Category_Name
Execution failed on sql 'SELECT p.Product_Name, c.Category_Name, AVG(o.Order_Item_Profit_Ratio) AS Avg_Profit_Margin FROM supply_data o JOIN supply_data p ON o.Order_Item_Cardprod_Id = p.Product_Card_Id JOIN supply_data c ON p.Product_Category_Id = c.Category_Id GROUP BY p.Product_Name, c.Category_Name': no such column: p.Product_Name
Error executing SQL query: SELECT Product_Name, Order_Item_Profit_Ratio AS Profit_Margin, RANK() OVER (ORDER BY Order_Item_Profit_Ratio DESC) AS Rank FROM supply_data GROUP BY Product_Name ORDER BY Profit_Margin DESC
Execution failed on sql 'SELECT Product_Name, Order_Item_Profit_Ratio AS Profit_Margin, RANK() OVER (ORDER BY Order_Item_Profit_Ratio DESC) AS Rank FROM supply_data GROUP BY Product_Name ORDER BY Profit_Margin DESC': no such column: Product_Name
Error executing SQL query: SELECT Product_Name, MAX(Order_Item_Profit_Ratio) AS Max_Profit_Margin FROM supply_data GROUP BY Product_Name ORDER BY Max_Profit_Margin DESC LIMIT 10
Execution failed on sql 'SELECT Product_Name, MAX(Order_Item_Profit_Ratio) AS Max_Profit_Margin FROM supply_data GROUP BY Product_Name ORDER BY Max_Profit_Margin DESC LIMIT 10': no such column: Product_Name
Error executing SQL query: SELECT COUNT(*) AS no_mover_count, SUM(Product_Price * Order_Item_Quantity) AS total_value FROM supply_data WHERE Order_Status = 'COMPLETE' AND julianday('now') - julianday("order date (DateOrders)") > 365 AND "Order Item Quantity" > 0
Execution failed on sql 'SELECT COUNT(*) AS no_mover_count, SUM(Product_Price * Order_Item_Quantity) AS total_value FROM supply_data WHERE Order_Status = 'COMPLETE' AND julianday('now') - julianday("order date (DateOrders)") > 365 AND "Order Item Quantity" > 0': no such column: Product_Price
Error executing SQL query: SELECT DISTINCT Product_Name FROM supply_data WHERE Product_Description LIKE '%hazardous%' OR Product_Description LIKE '%flammable%' OR Product_Description LIKE '%corrosive%' OR Product_Description LIKE '%toxic%' OR Product_Description LIKE '%radioactive%'
Execution failed on sql 'SELECT DISTINCT Product_Name FROM supply_data WHERE Product_Description LIKE '%hazardous%' OR Product_Description LIKE '%flammable%' OR Product_Description LIKE '%corrosive%' OR Product_Description LIKE '%toxic%' OR Product_Description LIKE '%radioactive%'': no such column: Product_Name
Error executing SQL query: SELECT Shipping_Mode, COUNT(*) AS total_orders, SUM(CASE WHEN Delivery_Status = 'Advance shipping' OR Delivery_Status = 'Shipping on time' THEN 1 ELSE 0 END) AS on_time_deliveries, CAST(SUM(CASE WHEN Delivery_Status = 'Advance shipping' OR Delivery_Status = 'Shipping on time' THEN 1 ELSE 0 END) AS FLOAT) / COUNT(*) * 100 AS on_time_delivery_rate FROM supply_data GROUP BY Shipping_Mode
Execution failed on sql 'SELECT Shipping_Mode, COUNT(*) AS total_orders, SUM(CASE WHEN Delivery_Status = 'Advance shipping' OR Delivery_Status = 'Shipping on time' THEN 1 ELSE 0 END) AS on_time_deliveries, CAST(SUM(CASE WHEN Delivery_Status = 'Advance shipping' OR Delivery_Status = 'Shipping on time' THEN 1 ELSE 0 END) AS FLOAT) / COUNT(*) * 100 AS on_time_delivery_rate FROM supply_data GROUP BY Shipping_Mode': no such column: Shipping_Mode
Error executing SQL query: SELECT c."Category Name", strftime('%Y-%m', s."order date (DateOrders)") AS order_month, SUM(s.Sales) AS total_sales FROM supply_data s JOIN (SELECT DISTINCT "Category Id", "Category Name" FROM supply_data) c ON s."Product Category Id" = c."Category Id" WHERE s."order date (DateOrders)" >= date('now', '-9 months') GROUP BY c."Category Name", order_month ORDER BY c."Category Name", order_month
Error generating SQL: Invalid control character at: line 2 column 42 (char 43)
Error executing SQL query: SELECT c."Category Name", strftime('%Y-%m', s."order date (DateOrders)") AS order_month, SUM(s.Sales) AS total_sales FROM supply_data s JOIN (SELECT DISTINCT "Category Id", "Category Name" FROM supply_data) c ON s."Product Category Id" = c."Category Id" WHERE s."order date (DateOrders)" >= date('now', '-9 months') GROUP BY c."Category Name", order_month ORDER BY c."Category Name", order_month
Error generating SQL: Invalid control character at: line 2 column 42 (char 43)
Error executing SQL query: SELECT Customer_Id, Customer_Fname, Customer_Lname, SUM(Order_Item_Total) AS Total_Order_Value FROM supply_data GROUP BY Customer_Id, Customer_Fname, Customer_Lname ORDER BY Total_Order_Value DESC LIMIT 10
Execution failed on sql 'SELECT Customer_Id, Customer_Fname, Customer_Lname, SUM(Order_Item_Total) AS Total_Order_Value FROM supply_data GROUP BY Customer_Id, Customer_Fname, Customer_Lname ORDER BY Total_Order_Value DESC LIMIT 10': no such column: Customer_Id
Error executing SQL query: SELECT SUM(Sales) AS total_sales_amount FROM supply_data WHERE Order Region = 'Southwest' AND strftime('%Y-%m', "order date (DateOrders)") >= strftime('%Y-%m', date('now', '-3 months'))
Execution failed on sql 'SELECT SUM(Sales) AS total_sales_amount FROM supply_data WHERE Order Region = 'Southwest' AND strftime('%Y-%m', "order date (DateOrders)") >= strftime('%Y-%m', date('now', '-3 months'))': near "Order": syntax error
Error executing SQL query: SELECT s.supplier_id, s.supplier_name, SUM(o.total_spend) AS total_spend FROM suppliers s JOIN orders o ON s.supplier_id = o.supplier_id WHERE s.child_labor_free = 0 OR s.forced_labor_free = 0 OR s.min_wage_compliance = 0 OR s.max_hours_compliance = 0 OR s.health_safety_score < 80 OR s.environmental_score < 70 OR s.anti_corruption_policy = 0 OR s.data_protection_policy = 0 OR s.audit_compliance = 0 GROUP BY s.supplier_id, s.supplier_name ORDER BY total_spend DESC
Execution failed on sql 'SELECT s.supplier_id, s.supplier_name, SUM(o.total_spend) AS total_spend FROM suppliers s JOIN orders o ON s.supplier_id = o.supplier_id WHERE s.child_labor_free = 0 OR s.forced_labor_free = 0 OR s.min_wage_compliance = 0 OR s.max_hours_compliance = 0 OR s.health_safety_score < 80 OR s.environmental_score < 70 OR s.anti_corruption_policy = 0 OR s.data_protection_policy = 0 OR s.audit_compliance = 0 GROUP BY s.supplier_id, s.supplier_name ORDER BY total_spend DESC': no such table: suppliers
Error executing SQL query: SELECT Customer_Segment, Order_Region, COUNT(*) AS order_count FROM supply_data GROUP BY Customer_Segment, Order_Region ORDER BY Customer_Segment, Order_Region
Execution failed on sql 'SELECT Customer_Segment, Order_Region, COUNT(*) AS order_count FROM supply_data GROUP BY Customer_Segment, Order_Region ORDER BY Customer_Segment, Order_Region': no such column: Customer_Segment
Error executing SQL query: SELECT Product_Name, Product_Status, Order_Item_Quantity, Order_Status, Late_delivery_risk FROM supply_data WHERE Order_Status = 'COMPLETE' AND Product_Status = 0
Execution failed on sql 'SELECT Product_Name, Product_Status, Order_Item_Quantity, Order_Status, Late_delivery_risk FROM supply_data WHERE Order_Status = 'COMPLETE' AND Product_Status = 0': no such column: Product_Name
Error executing SQL query: SELECT Order_Country, AVG(JULIANDAY(shipping_date) - JULIANDAY(order_date)) AS avg_time_to_ship FROM supply_data GROUP BY Order_Country
Execution failed on sql 'SELECT Order_Country, AVG(JULIANDAY(shipping_date) - JULIANDAY(order_date)) AS avg_time_to_ship FROM supply_data GROUP BY Order_Country': no such column: Order_Country
Error executing SQL query: SELECT p.Product_Name, COUNT(*) as return_count FROM supply_data s JOIN supply_data p ON s.Order_Item_Cardprod_Id = p.Product_Card_Id WHERE s.Order_Status = 'RETURNED' AND s.Type = 'DEBIT' AND s.[order date (DateOrders)] >= date('now', '-1 year') GROUP BY p.Product_Name ORDER BY return_count DESC LIMIT 10
Execution failed on sql 'SELECT p.Product_Name, COUNT(*) as return_count FROM supply_data s JOIN supply_data p ON s.Order_Item_Cardprod_Id = p.Product_Card_Id WHERE s.Order_Status = 'RETURNED' AND s.Type = 'DEBIT' AND s.[order date (DateOrders)] >= date('now', '-1 year') GROUP BY p.Product_Name ORDER BY return_count DESC LIMIT 10': no such column: p.Product_Name
Error executing SQL query: SELECT Order_Country, AVG(JULIANDAY(shipping_date) - JULIANDAY(order_date)) AS avg_time_difference FROM supply_data GROUP BY Order_Country
Execution failed on sql 'SELECT Order_Country, AVG(JULIANDAY(shipping_date) - JULIANDAY(order_date)) AS avg_time_difference FROM supply_data GROUP BY Order_Country': no such column: Order_Country
Error executing SQL query: SELECT p.Product_Name, COUNT(*) AS return_count FROM supply_data s JOIN supply_data p ON s.Order_Item_Cardprod_Id = p.Product_Card_Id WHERE s.Order_Status = 'RETURNED' AND s.Type = 'DEBIT' AND s.[order date (DateOrders)] >= date('now', '-1 year') GROUP BY p.Product_Name ORDER BY return_count DESC LIMIT 10
Execution failed on sql 'SELECT p.Product_Name, COUNT(*) AS return_count FROM supply_data s JOIN supply_data p ON s.Order_Item_Cardprod_Id = p.Product_Card_Id WHERE s.Order_Status = 'RETURNED' AND s.Type = 'DEBIT' AND s.[order date (DateOrders)] >= date('now', '-1 year') GROUP BY p.Product_Name ORDER BY return_count DESC LIMIT 10': no such column: p.Product_Name
Error executing SQL query: SELECT p.Product_Name, p.Product_Category_Id, c.Category_Name, SUM(o.Order_Item_Total) AS Total_Sales, SUM(o.Order_Profit_Per_Order) AS Total_Profit, (SUM(o.Order_Profit_Per_Order) / SUM(o.Order_Item_Total)) * 100 AS Profit_Margin_Percentage FROM supply_data o JOIN supply_data p ON o.Order_Item_Cardprod_Id = p.Product_Card_Id JOIN supply_data c ON p.Product_Category_Id = c.Category_Id GROUP BY p.Product_Name, p.Product_Category_Id, c.Category_Name ORDER BY Profit_Margin_Percentage DESC
Execution failed on sql 'SELECT p.Product_Name, p.Product_Category_Id, c.Category_Name, SUM(o.Order_Item_Total) AS Total_Sales, SUM(o.Order_Profit_Per_Order) AS Total_Profit, (SUM(o.Order_Profit_Per_Order) / SUM(o.Order_Item_Total)) * 100 AS Profit_Margin_Percentage FROM supply_data o JOIN supply_data p ON o.Order_Item_Cardprod_Id = p.Product_Card_Id JOIN supply_data c ON p.Product_Category_Id = c.Category_Id GROUP BY p.Product_Name, p.Product_Category_Id, c.Category_Name ORDER BY Profit_Margin_Percentage DESC': no such column: p.Product_Name
Error executing SQL query: SELECT Product_Name, (Order_Item_Total - (Order_Item_Product_Price * Order_Item_Quantity)) / Order_Item_Total AS profit_margin FROM supply_data ORDER BY profit_margin DESC
Execution failed on sql 'SELECT Product_Name, (Order_Item_Total - (Order_Item_Product_Price * Order_Item_Quantity)) / Order_Item_Total AS profit_margin FROM supply_data ORDER BY profit_margin DESC': no such column: Product_Name
Error executing SQL query: SELECT Product_Name, AVG(Order_Item_Profit_Ratio) as Avg_Profit_Margin FROM supply_data GROUP BY Product_Name ORDER BY Avg_Profit_Margin DESC LIMIT 10
Execution failed on sql 'SELECT Product_Name, AVG(Order_Item_Profit_Ratio) as Avg_Profit_Margin FROM supply_data GROUP BY Product_Name ORDER BY Avg_Profit_Margin DESC LIMIT 10': no such column: Product_Name
Error executing SQL query: SELECT COUNT(*) AS no_mover_count, SUM(Product_Price) AS total_value FROM supply_data WHERE Order_Status = 'COMPLETE' AND julianday('now') - julianday("order date (DateOrders)") > 365
Execution failed on sql 'SELECT COUNT(*) AS no_mover_count, SUM(Product_Price) AS total_value FROM supply_data WHERE Order_Status = 'COMPLETE' AND julianday('now') - julianday("order date (DateOrders)") > 365': no such column: Product_Price
Error executing SQL query: SELECT DISTINCT Product_Name FROM supply_data WHERE Product_Description IS NULL OR Product_Description NOT LIKE '%hazardous%'
Execution failed on sql 'SELECT DISTINCT Product_Name FROM supply_data WHERE Product_Description IS NULL OR Product_Description NOT LIKE '%hazardous%'': no such column: Product_Name
Error executing SQL query: SELECT c.Category_Name, strftime('%Y-%m', o."order date (DateOrders)") AS order_month, SUM(o.Sales) AS total_sales FROM supply_data o JOIN supply_data c ON o.Product_Category_Id = c.Category_Id WHERE o."order date (DateOrders)" >= date('now', '-9 months') GROUP BY c.Category_Name, order_month ORDER BY c.Category_Name, order_month
Execution failed on sql 'SELECT c.Category_Name, strftime('%Y-%m', o."order date (DateOrders)") AS order_month, SUM(o.Sales) AS total_sales FROM supply_data o JOIN supply_data c ON o.Product_Category_Id = c.Category_Id WHERE o."order date (DateOrders)" >= date('now', '-9 months') GROUP BY c.Category_Name, order_month ORDER BY c.Category_Name, order_month': no such column: c.Category_Name
Error executing SQL query: SELECT Shipping_Mode, COUNT(*) AS total_orders, SUM(CASE WHEN Delivery_Status = 'On time' THEN 1 ELSE 0 END) AS on_time_deliveries, ROUND(CAST(SUM(CASE WHEN Delivery_Status = 'On time' THEN 1 ELSE 0 END) AS FLOAT) / COUNT(*) * 100, 2) AS on_time_delivery_rate FROM supply_data GROUP BY Shipping_Mode
Execution failed on sql 'SELECT Shipping_Mode, COUNT(*) AS total_orders, SUM(CASE WHEN Delivery_Status = 'On time' THEN 1 ELSE 0 END) AS on_time_deliveries, ROUND(CAST(SUM(CASE WHEN Delivery_Status = 'On time' THEN 1 ELSE 0 END) AS FLOAT) / COUNT(*) * 100, 2) AS on_time_delivery_rate FROM supply_data GROUP BY Shipping_Mode': no such column: Shipping_Mode
Error executing SQL query: SELECT c.Category_Name, strftime('%Y-%m', o."order date (DateOrders)") AS order_month, SUM(o.Sales) AS total_sales FROM supply_data o JOIN supply_data c ON o.Product_Category_Id = c.Category_Id WHERE o."order date (DateOrders)" >= date('now', '-9 months') GROUP BY c.Category_Name, order_month ORDER BY c.Category_Name, order_month
Error generating SQL: Invalid control character at: line 2 column 42 (char 43)
Error executing SQL query: SELECT Customer_Id, Customer_Fname, Customer_Lname, SUM(Order_Item_Total) AS Total_Order_Value, RANK() OVER (ORDER BY SUM(Order_Item_Total) DESC) AS Customer_Rank FROM supply_data GROUP BY Customer_Id, Customer_Fname, Customer_Lname ORDER BY Total_Order_Value DESC
Execution failed on sql 'SELECT Customer_Id, Customer_Fname, Customer_Lname, SUM(Order_Item_Total) AS Total_Order_Value, RANK() OVER (ORDER BY SUM(Order_Item_Total) DESC) AS Customer_Rank FROM supply_data GROUP BY Customer_Id, Customer_Fname, Customer_Lname ORDER BY Total_Order_Value DESC': no such column: Customer_Id
Error executing SQL query: SELECT c.Category_Name, strftime('%Y-%m', o."order date (DateOrders)") AS order_month, SUM(o.Sales) AS total_sales FROM supply_data o JOIN supply_data c ON o.Product_Category_Id = c.Category_Id WHERE o."order date (DateOrders)" >= date('now', '-9 months') GROUP BY c.Category_Name, order_month ORDER BY c.Category_Name, order_month
Error generating SQL: Invalid control character at: line 2 column 42 (char 43)
Error executing SQL query: SELECT SUM(Sales) AS total_sales FROM supply_data WHERE Order Region = 'Southwest' AND order_date >= date('now', '-3 months')
Execution failed on sql 'SELECT SUM(Sales) AS total_sales FROM supply_data WHERE Order Region = 'Southwest' AND order_date >= date('now', '-3 months')': near "Order": syntax error
Error executing SQL query: SELECT COUNT(DISTINCT s.supplier_id) AS non_compliant_suppliers, COUNT(DISTINCT s.supplier_id) * 100.0 / (SELECT COUNT(*) FROM suppliers) AS percentage_non_compliant, SUM(o.total_spend) AS non_compliant_spend, SUM(o.total_spend) * 100.0 / (SELECT SUM(total_spend) FROM orders) AS percentage_non_compliant_spend FROM suppliers s JOIN orders o ON s.supplier_id = o.supplier_id WHERE s.child_labor_free = 0 OR s.forced_labor_free = 0 OR s.min_wage_compliance = 0 OR s.max_hours_compliance = 0 OR s.safe_working_conditions = 0 OR s.ppe_provided = 0 OR s.environmental_policy = 0 OR s.anti_corruption_policy = 0 OR s.data_privacy_policy = 0 OR s.audit_compliance = 0
Execution failed on sql 'SELECT COUNT(DISTINCT s.supplier_id) AS non_compliant_suppliers, COUNT(DISTINCT s.supplier_id) * 100.0 / (SELECT COUNT(*) FROM suppliers) AS percentage_non_compliant, SUM(o.total_spend) AS non_compliant_spend, SUM(o.total_spend) * 100.0 / (SELECT SUM(total_spend) FROM orders) AS percentage_non_compliant_spend FROM suppliers s JOIN orders o ON s.supplier_id = o.supplier_id WHERE s.child_labor_free = 0 OR s.forced_labor_free = 0 OR s.min_wage_compliance = 0 OR s.max_hours_compliance = 0 OR s.safe_working_conditions = 0 OR s.ppe_provided = 0 OR s.environmental_policy = 0 OR s.anti_corruption_policy = 0 OR s.data_privacy_policy = 0 OR s.audit_compliance = 0': no such table: suppliers
Error executing SQL query: SELECT Customer_Segment, Order_Region, COUNT(DISTINCT Order_Id) AS order_count FROM supply_data GROUP BY Customer_Segment, Order_Region
Execution failed on sql 'SELECT Customer_Segment, Order_Region, COUNT(DISTINCT Order_Id) AS order_count FROM supply_data GROUP BY Customer_Segment, Order_Region': no such column: Customer_Segment
Error executing SQL query: SELECT Order_Country, AVG(JULIANDAY(shipping_date) - JULIANDAY(order_date)) AS avg_time_difference FROM supply_data GROUP BY Order_Country
Execution failed on sql 'SELECT Order_Country, AVG(JULIANDAY(shipping_date) - JULIANDAY(order_date)) AS avg_time_difference FROM supply_data GROUP BY Order_Country': no such column: Order_Country
Error executing SQL query: SELECT p.Product_Name, COUNT(*) as return_count FROM supply_data s JOIN supply_data p ON s.Order_Item_Cardprod_Id = p.Product_Card_Id WHERE s.Order_Status = 'RETURNED' AND s.Type = 'DEBIT' AND s.order_date >= date('now', '-1 year') GROUP BY p.Product_Name ORDER BY return_count DESC LIMIT 10
Execution failed on sql 'SELECT p.Product_Name, COUNT(*) as return_count FROM supply_data s JOIN supply_data p ON s.Order_Item_Cardprod_Id = p.Product_Card_Id WHERE s.Order_Status = 'RETURNED' AND s.Type = 'DEBIT' AND s.order_date >= date('now', '-1 year') GROUP BY p.Product_Name ORDER BY return_count DESC LIMIT 10': no such column: p.Product_Name
Error executing SQL query: SELECT p.Product_Name, p.Product_Category_Id, c.Category_Name, AVG(o.Order_Item_Profit_Ratio) AS Avg_Profit_Margin FROM supply_data o JOIN supply_data p ON o.Order_Item_Cardprod_Id = p.Product_Card_Id JOIN supply_data c ON p.Product_Category_Id = c.Category_Id GROUP BY p.Product_Name, p.Product_Category_Id, c.Category_Name ORDER BY Avg_Profit_Margin DESC
Execution failed on sql 'SELECT p.Product_Name, p.Product_Category_Id, c.Category_Name, AVG(o.Order_Item_Profit_Ratio) AS Avg_Profit_Margin FROM supply_data o JOIN supply_data p ON o.Order_Item_Cardprod_Id = p.Product_Card_Id JOIN supply_data c ON p.Product_Category_Id = c.Category_Id GROUP BY p.Product_Name, p.Product_Category_Id, c.Category_Name ORDER BY Avg_Profit_Margin DESC': no such column: p.Product_Name
Error executing SQL query: SELECT Product_Name, (Order_Item_Total - Order_Item_Product_Price) / Order_Item_Product_Price AS profit_margin FROM supply_data ORDER BY profit_margin DESC LIMIT 1
Execution failed on sql 'SELECT Product_Name, (Order_Item_Total - Order_Item_Product_Price) / Order_Item_Product_Price AS profit_margin FROM supply_data ORDER BY profit_margin DESC LIMIT 1': no such column: Product_Name
Error executing SQL query: SELECT c.Category_Name, strftime('%Y-Q%d', o."order date (DateOrders)") AS Quarter, SUM(o.Sales) AS Total_Sales FROM supply_data o JOIN supply_data c ON o.Product_Category_Id = c.Category_Id WHERE o."order date (DateOrders)" >= date('now', '-9 months') GROUP BY c.Category_Name, Quarter ORDER BY c.Category_Name, Quarter
Execution failed on sql 'SELECT c.Category_Name, strftime('%Y-Q%d', o."order date (DateOrders)") AS Quarter, SUM(o.Sales) AS Total_Sales FROM supply_data o JOIN supply_data c ON o.Product_Category_Id = c.Category_Id WHERE o."order date (DateOrders)" >= date('now', '-9 months') GROUP BY c.Category_Name, Quarter ORDER BY c.Category_Name, Quarter': no such column: c.Category_Name
Error executing SQL query: SELECT Shipping_Mode, COUNT(*) AS total_orders, SUM(CASE WHEN Delivery_Status = 'Advance shipping' THEN 1 ELSE 0 END) AS on_time_deliveries, ROUND(CAST(SUM(CASE WHEN Delivery_Status = 'Advance shipping' THEN 1 ELSE 0 END) AS FLOAT) / COUNT(*) * 100, 2) AS on_time_delivery_rate FROM supply_data GROUP BY Shipping_Mode
Execution failed on sql 'SELECT Shipping_Mode, COUNT(*) AS total_orders, SUM(CASE WHEN Delivery_Status = 'Advance shipping' THEN 1 ELSE 0 END) AS on_time_deliveries, ROUND(CAST(SUM(CASE WHEN Delivery_Status = 'Advance shipping' THEN 1 ELSE 0 END) AS FLOAT) / COUNT(*) * 100, 2) AS on_time_delivery_rate FROM supply_data GROUP BY Shipping_Mode': no such column: Shipping_Mode
Error executing SQL query: SELECT DISTINCT Product_Name FROM supply_data WHERE Product_Description LIKE '%hazardous%' OR Product_Name LIKE '%hazardous%'
Execution failed on sql 'SELECT DISTINCT Product_Name FROM supply_data WHERE Product_Description LIKE '%hazardous%' OR Product_Name LIKE '%hazardous%'': no such column: Product_Name
Error executing SQL query: SELECT COUNT(*) AS no_mover_count, SUM(Product_Price) AS total_value FROM supply_data WHERE Order_Status = 'COMPLETE' AND julianday('now') - julianday("order date (DateOrders)") > 365
Execution failed on sql 'SELECT COUNT(*) AS no_mover_count, SUM(Product_Price) AS total_value FROM supply_data WHERE Order_Status = 'COMPLETE' AND julianday('now') - julianday("order date (DateOrders)") > 365': no such column: Product_Price
Error executing SQL query: SELECT c.Category_Name, strftime('%Y-Q%d', o."order date (DateOrders)") AS Quarter, SUM(o.Sales) AS Total_Sales FROM supply_data o JOIN supply_data c ON o.Product_Category_Id = c.Category_Id WHERE o."order date (DateOrders)" >= date('now', '-9 months') GROUP BY c.Category_Name, Quarter ORDER BY c.Category_Name, Quarter
Error generating SQL: Invalid control character at: line 2 column 42 (char 43)
Error executing SQL query: SELECT Customer_Id, Customer_Fname, Customer_Lname, SUM(Order_Item_Total) AS Total_Order_Value FROM supply_data GROUP BY Customer_Id ORDER BY Total_Order_Value DESC LIMIT 10
Execution failed on sql 'SELECT Customer_Id, Customer_Fname, Customer_Lname, SUM(Order_Item_Total) AS Total_Order_Value FROM supply_data GROUP BY Customer_Id ORDER BY Total_Order_Value DESC LIMIT 10': no such column: Customer_Id
Error executing SQL query: SELECT c.Category_Name, strftime('%Y-Q%d', o."order date (DateOrders)") AS Quarter, SUM(o.Sales) AS Total_Sales FROM supply_data o JOIN supply_data c ON o.Product_Category_Id = c.Category_Id WHERE o."order date (DateOrders)" >= date('now', '-9 months') GROUP BY c.Category_Name, Quarter ORDER BY c.Category_Name, Quarter
Error generating SQL: Invalid control character at: line 2 column 42 (char 43)
Error executing SQL query: SELECT Customer_Segment, Order_Region, COUNT(DISTINCT Order_Id) AS order_count FROM supply_data GROUP BY Customer_Segment, Order_Region
Execution failed on sql 'SELECT Customer_Segment, Order_Region, COUNT(DISTINCT Order_Id) AS order_count FROM supply_data GROUP BY Customer_Segment, Order_Region': no such column: Customer_Segment
Error executing SQL query: SELECT DISTINCT p.Product_Name, s.Customer_City, s.Customer_State FROM supply_data s JOIN supply_data p ON s.Order_Item_Cardprod_Id = p.Product_Card_Id WHERE p.Product_Status = 'Hazardous' AND s.Customer_Segment != 'Certified Facility'
Execution failed on sql 'SELECT DISTINCT p.Product_Name, s.Customer_City, s.Customer_State FROM supply_data s JOIN supply_data p ON s.Order_Item_Cardprod_Id = p.Product_Card_Id WHERE p.Product_Status = 'Hazardous' AND s.Customer_Segment != 'Certified Facility'': no such column: p.Product_Name
Error executing SQL query: SELECT s.supplier_id, s.supplier_name, COUNT(*) AS violations, SUM(s.annual_spend) / (SELECT SUM(annual_spend) FROM suppliers) AS spend_percentage FROM suppliers s LEFT JOIN supplier_audits sa ON s.supplier_id = sa.supplier_id WHERE sa.child_labor = 1 OR sa.forced_labor = 1 OR sa.overtime_pay < 1.5 * sa.min_wage OR sa.max_hours > 48 OR sa.days_off < 1 OR sa.written_terms = 0 OR sa.safe_conditions = 0 OR sa.fatalities > 0 OR sa.injury_rate > 2 OR sa.ppe_provided = 0 OR sa.environmental_policy = 0 OR sa.anti_corruption = 0 OR sa.data_security = 0 GROUP BY s.supplier_id, s.supplier_name HAVING violations > 0 ORDER BY spend_percentage DESC
Execution failed on sql 'SELECT s.supplier_id, s.supplier_name, COUNT(*) AS violations, SUM(s.annual_spend) / (SELECT SUM(annual_spend) FROM suppliers) AS spend_percentage FROM suppliers s LEFT JOIN supplier_audits sa ON s.supplier_id = sa.supplier_id WHERE sa.child_labor = 1 OR sa.forced_labor = 1 OR sa.overtime_pay < 1.5 * sa.min_wage OR sa.max_hours > 48 OR sa.days_off < 1 OR sa.written_terms = 0 OR sa.safe_conditions = 0 OR sa.fatalities > 0 OR sa.injury_rate > 2 OR sa.ppe_provided = 0 OR sa.environmental_policy = 0 OR sa.anti_corruption = 0 OR sa.data_security = 0 GROUP BY s.supplier_id, s.supplier_name HAVING violations > 0 ORDER BY spend_percentage DESC': no such table: suppliers
Error executing SQL query: SELECT SUM(Sales) AS total_sales FROM supply_data WHERE Order Region = 'Southwest' AND strftime('%Y-%m', "order date (DateOrders)") >= strftime('%Y-%m', date('now', '-3 months'))
Execution failed on sql 'SELECT SUM(Sales) AS total_sales FROM supply_data WHERE Order Region = 'Southwest' AND strftime('%Y-%m', "order date (DateOrders)") >= strftime('%Y-%m', date('now', '-3 months'))': near "Order": syntax error
Error executing SQL query: Execution failed on sql 'SELECT Order_Country, AVG(JULIANDAY(shipping_date) - JULIANDAY(order_date)) AS avg_processing_time FROM supply_data GROUP BY Order_Country': no such column: Order_Country
Error executing SQL query: Execution failed on sql 'SELECT p.Product_Name, COUNT(*) AS return_count FROM supply_data s JOIN supply_data p ON s.Order_Item_Cardprod_Id = p.Product_Card_Id WHERE s.Order_Status = 'RETURNED' AND s.Type = 'DEBIT' AND s.order_date >= date('now', '-1 year') GROUP BY p.Product_Name ORDER BY return_count DESC LIMIT 10': no such column: p.Product_Name
Error executing SQL query: Execution failed on sql 'SELECT DISTINCT Product_Name, Order_City, Order_State, Order_Country FROM supply_data WHERE Product_Name LIKE '%hazardous%' OR Product_Description LIKE '%hazardous%' ORDER BY Product_Name, Order_Country, Order_State, Order_City': no such column: Product_Name
Error executing SQL query: Execution failed on sql 'SELECT COUNT(*) AS no_mover_count, SUM(Product_Price * Order_Item_Quantity) AS total_value FROM supply_data WHERE Order_Status = 'COMPLETE' AND julianday('now') - julianday("order date (DateOrders)") > 365 AND "Order Item Quantity" > 0': no such column: Product_Price
Error executing SQL query: Execution failed on sql 'SELECT * FROM supply_data WHERE Product_Description LIKE '%hazardous%' OR Product_Name LIKE '%hazardous%'': no such column: Product_Description
Error executing SQL query: Error generating SQL: Invalid control character at: line 2 column 42 (char 43)
Error executing SQL query: Error generating SQL: Invalid control character at: line 2 column 42 (char 43)
Error executing SQL query: Execution failed on sql 'SELECT Customer_Segment, Order_Region, COUNT(*) as order_count FROM supply_data GROUP BY Customer_Segment, Order_Region': no such column: Customer_Segment
Error executing SQL query: Execution failed on sql 'SELECT SUM(Sales) AS total_sales FROM supply_data WHERE Order Region = 'Southwest' AND strftime('%Y-%m', "order date (DateOrders)") >= strftime('%Y-%m', date('now', '-3 months'))': near "Order": syntax error
Error executing SQL query: Execution failed on sql 'SELECT s.supplier_id, s.supplier_name, SUM(p.total_spend) AS total_spend FROM suppliers s JOIN purchases p ON s.supplier_id = p.supplier_id WHERE s.child_labor_free = 0 OR s.forced_labor_free = 0 OR s.overtime_pay_rate < 1.5 OR s.max_work_hours > 48 OR s.days_off_per_week < 1 OR s.safe_working_environment = 0 OR s.clean_water_provided = 0 OR s.sanitation_provided = 0 OR s.fatalities > 0 OR s.injury_rate > 2 OR s.ppe_provided = 0 OR s.environmental_policy = 0 OR s.anti_corruption_policy = 0 OR s.data_privacy_compliant = 0 OR s.audit_cooperation = 0 GROUP BY s.supplier_id, s.supplier_name': no such table: suppliers
Error executing SQL query: Execution failed on sql 'SELECT Order_Country, AVG(JULIANDAY("shipping date (DateOrders)") - JULIANDAY("order date (DateOrders)")) AS avg_days_to_ship FROM supply_data GROUP BY Order_Country': no such column: Order_Country
Error executing SQL query: Execution failed on sql 'SELECT DISTINCT Product_Name, Order_City, Order_State, Order_Country FROM supply_data WHERE Product_Description LIKE '%hazardous%' OR Product_Name LIKE '%hazardous%' OR Category_Name LIKE '%hazardous%'': no such column: Product_Name
Error executing SQL query: Execution failed on sql 'SELECT COUNT(*) AS no_mover_count, SUM(Product_Price) AS total_value FROM supply_data WHERE Order_Item_Quantity = 0 AND julianday('now') - julianday(MAX("order date (DateOrders)")) > 365': no such column: Product_Price
Error executing SQL query: Execution failed on sql 'SELECT DISTINCT Customer City, Customer State, Customer Country FROM supply_data WHERE Category Name = 'Sporting Goods' AND Type = 'DEBIT'': near "Name": syntax error
Error executing SQL query: Execution failed on sql 'SELECT Order_Country, AVG(JULIANDAY("shipping date (DateOrders)") - JULIANDAY("order date (DateOrders)")) AS avg_time_difference FROM supply_data GROUP BY Order_Country': no such column: Order_Country
Error executing SQL query: Execution failed on sql 'SELECT p.Product_Name, COUNT(*) AS return_count FROM supply_data s JOIN supply_data p ON s.Order_Item_Cardprod_Id = p.Product_Card_Id WHERE s.Order_Status = 'RETURNED' AND s.Type = 'DEBIT' AND s.[order date (DateOrders)] >= date('now', '-1 year') GROUP BY p.Product_Name ORDER BY return_count DESC LIMIT 10': no such column: p.Product_Name
Error executing SQL query: Execution failed on sql 'SELECT p.Product_Name, c.Category_Name, AVG(o.Order_Item_Profit_Ratio) AS Avg_Profit_Margin FROM supply_data o JOIN supply_data p ON o.Order_Item_Cardprod_Id = p.Product_Card_Id JOIN supply_data c ON p.Product_Category_Id = c.Category_Id GROUP BY p.Product_Name, c.Category_Name ORDER BY Avg_Profit_Margin DESC': no such column: p.Product_Name
Error executing SQL query: Execution failed on sql 'SELECT Product_Name, (Order_Item_Total - Order_Item_Product_Price) / Order_Item_Product_Price AS profit_margin FROM supply_data ORDER BY profit_margin DESC LIMIT 1': no such column: Product_Name
Error executing SQL query: Execution failed on sql 'SELECT Shipping_Mode, COUNT(*) AS total_orders, SUM(CASE WHEN Delivery_Status = 'Advance shipping' THEN 1 ELSE 0 END) AS on_time_deliveries, CAST(SUM(CASE WHEN Delivery_Status = 'Advance shipping' THEN 1 ELSE 0 END) AS FLOAT) / COUNT(*) * 100 AS on_time_delivery_rate FROM supply_data GROUP BY Shipping_Mode': no such column: Shipping_Mode
Error executing SQL query: Execution failed on sql 'SELECT Product_Name, Order_City, Order_State, Order_Country FROM supply_data WHERE Product_Description LIKE '%hazardous%' OR Product_Name LIKE '%hazardous%' GROUP BY Product_Name, Order_City, Order_State, Order_Country': no such column: Product_Name
Error executing SQL query: Execution failed on sql 'SELECT COUNT(*) as no_mover_count, SUM(Product_Price * Order_Item_Quantity) as total_value FROM supply_data WHERE Order_Status = 'COMPLETE' AND julianday('now') - julianday("order date (DateOrders)") > 365 AND "Order Item Quantity" > 0': no such column: Product_Price
Error executing SQL query: Execution failed on sql 'SELECT Shipping_Mode, COUNT(*) AS total_orders, SUM(CASE WHEN Delivery_Status = 'Late delivery' THEN 1 ELSE 0 END) AS late_deliveries, (CAST(SUM(CASE WHEN Delivery_Status = 'Late delivery' THEN 1 ELSE 0 END) AS FLOAT) / COUNT(*)) * 100 AS late_delivery_percentage FROM supply_data GROUP BY Shipping_Mode ORDER BY late_delivery_percentage DESC LIMIT 1': no such column: Shipping_Mode
Error executing SQL query: Error generating SQL: Invalid control character at: line 2 column 42 (char 43)
Error executing SQL query: Execution failed on sql 'SELECT Customer_Id, Customer_Fname, Customer_Lname, SUM(Order_Item_Total) AS Total_Order_Value FROM supply_data GROUP BY Customer_Id, Customer_Fname, Customer_Lname': no such column: Customer_Id
Error executing SQL query: Execution failed on sql 'SELECT Customer_Id, Customer_Fname, Customer_Lname, SUM(Sales) as Total_Order_Value, RANK() OVER (ORDER BY SUM(Sales) DESC) as Rank FROM supply_data GROUP BY Customer_Id, Customer_Fname, Customer_Lname ORDER BY Total_Order_Value DESC LIMIT 10': no such column: Customer_Id
Error executing SQL query: Error generating SQL: Invalid control character at: line 2 column 42 (char 43)
Error executing SQL query: Execution failed on sql 'SELECT Customer_Segment, Order_Region, COUNT(*) AS order_count FROM supply_data GROUP BY Customer_Segment, Order_Region ORDER BY Customer_Segment, Order_Region': no such column: Customer_Segment
Error executing SQL query: Execution failed on sql 'SELECT SUM(Sales) AS total_sales FROM supply_data WHERE Order Region = 'Southwest' AND strftime('%Y-%m', "order date (DateOrders)") >= strftime('%Y-%m', date('now', '-3 months'))': near "Order": syntax error
Error executing SQL query: Execution failed on sql 'SELECT s.supplier_id, s.supplier_name, s.total_spend, (s.total_spend / t.total_spend_all) * 100 AS spend_percentage FROM suppliers s CROSS JOIN (SELECT SUM(total_spend) AS total_spend_all FROM suppliers) t WHERE s.child_labor_free = 0 OR s.forced_labor_free = 0 OR s.overtime_pay_rate < 1.5 OR s.max_work_hours > 48 OR s.rest_days_per_week < 1 OR s.safe_working_conditions = 0 OR s.clean_water_access = 0 OR s.incident_rate >= 2 OR s.ppe_provided = 0 OR s.environmental_policy = 0 OR s.anti_corruption_policy = 0 OR s.data_protection_policy = 0 OR s.audit_compliance = 0 ORDER BY spend_percentage DESC': no such table: suppliers
Error executing SQL query: Execution failed on sql 'SELECT COUNT(*) AS no_mover_count FROM supply_data WHERE julianday('now') - julianday("order date (DateOrders)") > 365': no such table: supply_data
Error executing SQL query: Execution failed on sql 'SELECT COUNT(*) AS no_mover_count FROM supply_data WHERE julianday('now') - julianday("order date (DateOrders)") > 365 AND "Order Item Quantity" = 0': no such table: supply_data
Error executing SQL query: Execution failed on sql 'SELECT COUNT(*) AS no_mover_count FROM supply_data WHERE JULIANDAY('now') - JULIANDAY("order date (DateOrders)") > 365': no such table: supply_data
Error executing SQL query: Execution failed on sql 'SELECT COUNT(*) AS no_mover_count FROM supply_data WHERE JULIANDAY('now') - JULIANDAY("order date (DateOrders)") >= 365 AND "Order Status" = 'COMPLETE'': no such table: supply_data
Error executing SQL query: Execution failed on sql 'SELECT COUNT(*) AS no_mover_count FROM supply_data WHERE julianday('now') - julianday(MAX("order date (DateOrders)")) > 365': misuse of aggregate: MAX()
